Copyright 1986-2019 Xilinx, Inc. All Rights Reserved.
----------------------------------------------------------------------------------------------------------------------------------------------------------
| Tool Version     : Vivado v.2019.2 (win64) Build 2708876 Wed Nov  6 21:40:23 MST 2019
| Date             : Fri Jul 24 21:08:12 2020
| Host             : DESKTOP-V5A9UPS running 64-bit major release  (build 9200)
| Command          : report_power -file image_filter_power_routed.rpt -pb image_filter_power_summary_routed.pb -rpx image_filter_power_routed.rpx
| Design           : image_filter
| Device           : xc7a35tcpg236-1
| Design State     : routed
| Grade            : commercial
| Process          : typical
| Characterization : Production
----------------------------------------------------------------------------------------------------------------------------------------------------------

Power Report

Table of Contents
-----------------
1. Summary
1.1 On-Chip Components
1.2 Power Supply Summary
1.3 Confidence Level
2. Settings
2.1 Environment
2.2 Clock Constraints
3. Detailed Reports
3.1 By Hierarchy

1. Summary
----------

+--------------------------+--------------+
| Total On-Chip Power (W)  | 5.511        |
| Design Power Budget (W)  | Unspecified* |
| Power Budget Margin (W)  | NA           |
| Dynamic (W)              | 5.416        |
| Device Static (W)        | 0.095        |
| Effective TJA (C/W)      | 5.0          |
| Max Ambient (C)          | 57.4         |
| Junction Temperature (C) | 52.6         |
| Confidence Level         | Low          |
| Setting File             | ---          |
| Simulation Activity File | ---          |
| Design Nets Matched      | NA           |
+--------------------------+--------------+
* Specify Design Power Budget using, set_operating_conditions -design_power_budget <value in Watts>


1.1 On-Chip Components
----------------------

+-------------------------+-----------+----------+-----------+-----------------+
| On-Chip                 | Power (W) | Used     | Available | Utilization (%) |
+-------------------------+-----------+----------+-----------+-----------------+
| Slice Logic             |     2.547 |     2075 |       --- |             --- |
|   LUT as Logic          |     2.157 |      950 |     20800 |            4.57 |
|   CARRY4                |     0.301 |      152 |      8150 |            1.87 |
|   Register              |     0.082 |      712 |     41600 |            1.71 |
|   BUFG                  |     0.006 |        1 |        32 |            3.13 |
|   F7/F8 Muxes           |    <0.001 |        5 |     32600 |            0.02 |
|   LUT as Shift Register |    <0.001 |       10 |      9600 |            0.10 |
|   Others                |     0.000 |       29 |       --- |             --- |
| Signals                 |     2.483 |     1728 |       --- |             --- |
| Block RAM               |     0.192 |        1 |        50 |            2.00 |
| I/O                     |     0.195 |        6 |       106 |            5.66 |
| Static Power            |     0.095 |          |           |                 |
| Total                   |     5.511 |          |           |                 |
+-------------------------+-----------+----------+-----------+-----------------+


1.2 Power Supply Summary
------------------------

+-----------+-------------+-----------+-------------+------------+
| Source    | Voltage (V) | Total (A) | Dynamic (A) | Static (A) |
+-----------+-------------+-----------+-------------+------------+
| Vccint    |       1.000 |     5.247 |       5.220 |      0.027 |
| Vccaux    |       1.800 |     0.029 |       0.015 |      0.014 |
| Vcco33    |       3.300 |     0.002 |       0.001 |      0.001 |
| Vcco25    |       2.500 |     0.000 |       0.000 |      0.000 |
| Vcco18    |       1.800 |     0.085 |       0.084 |      0.001 |
| Vcco15    |       1.500 |     0.000 |       0.000 |      0.000 |
| Vcco135   |       1.350 |     0.000 |       0.000 |      0.000 |
| Vcco12    |       1.200 |     0.000 |       0.000 |      0.000 |
| Vccaux_io |       1.800 |     0.000 |       0.000 |      0.000 |
| Vccbram   |       1.000 |     0.015 |       0.014 |      0.001 |
| MGTAVcc   |       1.000 |     0.000 |       0.000 |      0.000 |
| MGTAVtt   |       1.200 |     0.000 |       0.000 |      0.000 |
| Vccadc    |       1.800 |     0.020 |       0.000 |      0.020 |
+-----------+-------------+-----------+-------------+------------+


1.3 Confidence Level
--------------------

+-----------------------------+------------+--------------------------------------------------------+--------------------------------------------------------------------------------------------------------------------+
| User Input Data             | Confidence | Details                                                | Action                                                                                                             |
+-----------------------------+------------+--------------------------------------------------------+--------------------------------------------------------------------------------------------------------------------+
| Design implementation state | High       | Design is routed                                       |                                                                                                                    |
| Clock nodes activity        | Low        | User specified less than 75% of clocks                 | Provide missing clock activity with a constraint file, simulation results or by editing the "By Clock Domain" view |
| I/O nodes activity          | Low        | More than 75% of inputs are missing user specification | Provide missing input activity with simulation results or by editing the "By Resource Type -> I/Os" view           |
| Internal nodes activity     | Medium     | User specified less than 25% of internal nodes         | Provide missing internal nodes activity with simulation results or by editing the "By Resource Type" views         |
| Device models               | High       | Device models are Production                           |                                                                                                                    |
|                             |            |                                                        |                                                                                                                    |
| Overall confidence level    | Low        |                                                        |                                                                                                                    |
+-----------------------------+------------+--------------------------------------------------------+--------------------------------------------------------------------------------------------------------------------+


2. Settings
-----------

2.1 Environment
---------------

+-----------------------+--------------------------+
| Ambient Temp (C)      | 25.0                     |
| ThetaJA (C/W)         | 5.0                      |
| Airflow (LFM)         | 250                      |
| Heat Sink             | medium (Medium Profile)  |
| ThetaSA (C/W)         | 4.6                      |
| Board Selection       | medium (10"x10")         |
| # of Board Layers     | 12to15 (12 to 15 Layers) |
| Board Temperature (C) | 25.0                     |
+-----------------------+--------------------------+


2.2 Clock Constraints
---------------------

+-------+--------+-----------------+
| Clock | Domain | Constraint (ns) |
+-------+--------+-----------------+


3. Detailed Reports
-------------------

3.1 By Hierarchy
----------------

+----------------------------------+-----------+
| Name                             | Power (W) |
+----------------------------------+-----------+
| image_filter                     |     5.416 |
|   axi_uartlite_module_1_auu      |     0.259 |
|     U0                           |     0.259 |
|       AXI_LITE_IPIF_I            |     0.024 |
|       UARTLITE_CORE_I            |     0.235 |
|   control_unit_1_cu              |     0.089 |
|   convolution_unit_1_convu       |     1.574 |
|   input_output_ram_1_ioi         |     0.268 |
|     U0                           |     0.268 |
|       inst_blk_mem_gen           |     0.268 |
|   padded_image_ram_1_padi        |     0.164 |
|     U0                           |     0.164 |
|       inst_blk_mem_gen           |     0.164 |
|   padding_unit_1_pu              |     1.874 |
|   ram_input_mux_1_mux            |     0.041 |
|   uart_communication_unit_1_comm |     0.890 |
+----------------------------------+-----------+


